[2025-04-09T11:11:18.104+0000] {manager.py:487} INFO - Processing files using up to 2 processes at a time 
[2025-04-09T11:11:18.107+0000] {manager.py:488} INFO - Process each file at most once every 30 seconds
[2025-04-09T11:11:18.108+0000] {manager.py:489} INFO - Checking for new files in /opt/airflow/dags every 300 seconds
[2025-04-09T11:11:18.108+0000] {manager.py:759} INFO - Searching for files in /opt/airflow/dags
[2025-04-09T11:11:18.116+0000] {manager.py:762} INFO - There are 1 files in /opt/airflow/dags
[2025-04-09T11:11:18.850+0000] {manager.py:893} INFO - 
================================================================================
DAG File Processing Stats

File Path                                                    PID  Runtime      # DAGs    # Errors  Last Runtime    Last Run
---------------------------------------------------------  -----  ---------  --------  ----------  --------------  ----------
/opt/airflow/dags/us_accidents/download_kaggle_dataset.py     27  0.23s             0           0
================================================================================
[2025-04-09T11:11:49.796+0000] {manager.py:893} INFO - 
================================================================================
DAG File Processing Stats

File Path                                                    PID  Runtime      # DAGs    # Errors  Last Runtime    Last Run
---------------------------------------------------------  -----  ---------  --------  ----------  --------------  -------------------
/opt/airflow/dags/us_accidents/download_kaggle_dataset.py     28  0.00s             1           0  1.07s           2025-04-09T11:11:19
================================================================================
[2025-04-09T11:12:19.923+0000] {manager.py:893} INFO - 
================================================================================
DAG File Processing Stats

File Path                                                  PID    Runtime      # DAGs    # Errors  Last Runtime    Last Run
---------------------------------------------------------  -----  ---------  --------  ----------  --------------  -------------------
/opt/airflow/dags/us_accidents/download_kaggle_dataset.py                           1           0  0.56s           2025-04-09T11:11:50
================================================================================
[2025-04-09T11:12:50.561+0000] {manager.py:893} INFO - 
================================================================================
DAG File Processing Stats

File Path                                                    PID  Runtime      # DAGs    # Errors  Last Runtime    Last Run
---------------------------------------------------------  -----  ---------  --------  ----------  --------------  -------------------
/opt/airflow/dags/us_accidents/download_kaggle_dataset.py     30  0.00s             1           0  0.07s           2025-04-09T11:12:20
================================================================================
[2025-04-09T11:13:20.726+0000] {manager.py:893} INFO - 
================================================================================
DAG File Processing Stats

File Path                                                    PID  Runtime      # DAGs    # Errors  Last Runtime    Last Run
---------------------------------------------------------  -----  ---------  --------  ----------  --------------  -------------------
/opt/airflow/dags/us_accidents/download_kaggle_dataset.py     31  0.00s             1           0  0.08s           2025-04-09T11:12:50
================================================================================
[2025-04-09T11:13:50.844+0000] {manager.py:893} INFO - 
================================================================================
DAG File Processing Stats

File Path                                                    PID  Runtime      # DAGs    # Errors  Last Runtime    Last Run
---------------------------------------------------------  -----  ---------  --------  ----------  --------------  -------------------
/opt/airflow/dags/us_accidents/download_kaggle_dataset.py     32  0.00s             1           0  0.07s           2025-04-09T11:13:20
================================================================================
[2025-04-09T11:14:20.985+0000] {manager.py:893} INFO - 
================================================================================
DAG File Processing Stats

File Path                                                    PID  Runtime      # DAGs    # Errors  Last Runtime    Last Run
---------------------------------------------------------  -----  ---------  --------  ----------  --------------  -------------------
/opt/airflow/dags/us_accidents/download_kaggle_dataset.py     33  0.00s             1           0  0.07s           2025-04-09T11:13:50
================================================================================
[2025-04-09T11:14:51.107+0000] {manager.py:893} INFO - 
================================================================================
DAG File Processing Stats

File Path                                                    PID  Runtime      # DAGs    # Errors  Last Runtime    Last Run
---------------------------------------------------------  -----  ---------  --------  ----------  --------------  -------------------
/opt/airflow/dags/us_accidents/download_kaggle_dataset.py     34  0.00s             1           0  0.09s           2025-04-09T11:14:21
================================================================================
[2025-04-09T11:15:21.266+0000] {manager.py:893} INFO - 
================================================================================
DAG File Processing Stats

File Path                                                    PID  Runtime      # DAGs    # Errors  Last Runtime    Last Run
---------------------------------------------------------  -----  ---------  --------  ----------  --------------  -------------------
/opt/airflow/dags/us_accidents/download_kaggle_dataset.py     35  0.00s             1           0  0.07s           2025-04-09T11:14:51
================================================================================
[2025-04-09T11:15:51.377+0000] {manager.py:893} INFO - 
================================================================================
DAG File Processing Stats

File Path                                                    PID  Runtime      # DAGs    # Errors  Last Runtime    Last Run
---------------------------------------------------------  -----  ---------  --------  ----------  --------------  -------------------
/opt/airflow/dags/us_accidents/download_kaggle_dataset.py     36  0.00s             1           0  0.07s           2025-04-09T11:15:21
================================================================================
[2025-04-09T11:16:18.517+0000] {manager.py:759} INFO - Searching for files in /opt/airflow/dags
[2025-04-09T11:16:18.518+0000] {manager.py:762} INFO - There are 1 files in /opt/airflow/dags
[2025-04-09T11:16:21.541+0000] {manager.py:893} INFO - 
================================================================================
DAG File Processing Stats

File Path                                                    PID  Runtime      # DAGs    # Errors  Last Runtime    Last Run
---------------------------------------------------------  -----  ---------  --------  ----------  --------------  -------------------
/opt/airflow/dags/us_accidents/download_kaggle_dataset.py     37  0.00s             1           0  0.08s           2025-04-09T11:15:51
================================================================================
[2025-04-09T11:16:51.662+0000] {manager.py:893} INFO - 
================================================================================
DAG File Processing Stats

File Path                                                    PID  Runtime      # DAGs    # Errors  Last Runtime    Last Run
---------------------------------------------------------  -----  ---------  --------  ----------  --------------  -------------------
/opt/airflow/dags/us_accidents/download_kaggle_dataset.py     38  0.00s             1           0  0.07s           2025-04-09T11:16:21
================================================================================
[2025-04-09T11:17:21.809+0000] {manager.py:893} INFO - 
================================================================================
DAG File Processing Stats

File Path                                                    PID  Runtime      # DAGs    # Errors  Last Runtime    Last Run
---------------------------------------------------------  -----  ---------  --------  ----------  --------------  -------------------
/opt/airflow/dags/us_accidents/download_kaggle_dataset.py     39  0.01s             1           0  0.07s           2025-04-09T11:16:51
================================================================================
[2025-04-09T11:17:51.940+0000] {manager.py:893} INFO - 
================================================================================
DAG File Processing Stats

File Path                                                    PID  Runtime      # DAGs    # Errors  Last Runtime    Last Run
---------------------------------------------------------  -----  ---------  --------  ----------  --------------  -------------------
/opt/airflow/dags/us_accidents/download_kaggle_dataset.py     40  0.01s             1           0  0.08s           2025-04-09T11:17:21
================================================================================
[2025-04-09T11:18:22.072+0000] {manager.py:893} INFO - 
================================================================================
DAG File Processing Stats

File Path                                                    PID  Runtime      # DAGs    # Errors  Last Runtime    Last Run
---------------------------------------------------------  -----  ---------  --------  ----------  --------------  -------------------
/opt/airflow/dags/us_accidents/download_kaggle_dataset.py     41  0.00s             1           0  0.11s           2025-04-09T11:17:52
================================================================================
[2025-04-09T11:18:52.260+0000] {manager.py:893} INFO - 
================================================================================
DAG File Processing Stats

File Path                                                    PID  Runtime      # DAGs    # Errors  Last Runtime    Last Run
---------------------------------------------------------  -----  ---------  --------  ----------  --------------  -------------------
/opt/airflow/dags/us_accidents/download_kaggle_dataset.py     42  0.00s             1           0  0.07s           2025-04-09T11:18:22
================================================================================
[2025-04-09T11:19:22.378+0000] {manager.py:893} INFO - 
================================================================================
DAG File Processing Stats

File Path                                                    PID  Runtime      # DAGs    # Errors  Last Runtime    Last Run
---------------------------------------------------------  -----  ---------  --------  ----------  --------------  -------------------
/opt/airflow/dags/us_accidents/download_kaggle_dataset.py     43  0.00s             1           0  0.07s           2025-04-09T11:18:52
================================================================================
[2025-04-09T11:19:52.514+0000] {manager.py:893} INFO - 
================================================================================
DAG File Processing Stats

File Path                                                    PID  Runtime      # DAGs    # Errors  Last Runtime    Last Run
---------------------------------------------------------  -----  ---------  --------  ----------  --------------  -------------------
/opt/airflow/dags/us_accidents/download_kaggle_dataset.py     44  0.00s             1           0  0.07s           2025-04-09T11:19:22
================================================================================
[2025-04-09T11:20:22.638+0000] {manager.py:893} INFO - 
================================================================================
DAG File Processing Stats

File Path                                                    PID  Runtime      # DAGs    # Errors  Last Runtime    Last Run
---------------------------------------------------------  -----  ---------  --------  ----------  --------------  -------------------
/opt/airflow/dags/us_accidents/download_kaggle_dataset.py     45  0.00s             1           0  0.07s           2025-04-09T11:19:52
================================================================================
[2025-04-09T11:20:52.780+0000] {manager.py:893} INFO - 
================================================================================
DAG File Processing Stats

File Path                                                    PID  Runtime      # DAGs    # Errors  Last Runtime    Last Run
---------------------------------------------------------  -----  ---------  --------  ----------  --------------  -------------------
/opt/airflow/dags/us_accidents/download_kaggle_dataset.py     46  0.01s             1           0  0.07s           2025-04-09T11:20:22
================================================================================
[2025-04-09T11:21:18.886+0000] {manager.py:759} INFO - Searching for files in /opt/airflow/dags
[2025-04-09T11:21:18.888+0000] {manager.py:762} INFO - There are 1 files in /opt/airflow/dags
[2025-04-09T11:21:22.925+0000] {manager.py:893} INFO - 
================================================================================
DAG File Processing Stats

File Path                                                    PID  Runtime      # DAGs    # Errors  Last Runtime    Last Run
---------------------------------------------------------  -----  ---------  --------  ----------  --------------  -------------------
/opt/airflow/dags/us_accidents/download_kaggle_dataset.py     47  0.01s             1           0  0.09s           2025-04-09T11:20:52
================================================================================
[2025-04-09T11:21:53.058+0000] {manager.py:893} INFO - 
================================================================================
DAG File Processing Stats

File Path                                                    PID  Runtime      # DAGs    # Errors  Last Runtime    Last Run
---------------------------------------------------------  -----  ---------  --------  ----------  --------------  -------------------
/opt/airflow/dags/us_accidents/download_kaggle_dataset.py     48  0.00s             1           0  0.09s           2025-04-09T11:21:23
================================================================================
[2025-04-09T11:22:23.210+0000] {manager.py:893} INFO - 
================================================================================
DAG File Processing Stats

File Path                                                    PID  Runtime      # DAGs    # Errors  Last Runtime    Last Run
---------------------------------------------------------  -----  ---------  --------  ----------  --------------  -------------------
/opt/airflow/dags/us_accidents/download_kaggle_dataset.py     49  0.01s             1           0  0.07s           2025-04-09T11:21:53
================================================================================
[2025-04-09T11:22:53.329+0000] {manager.py:893} INFO - 
================================================================================
DAG File Processing Stats

File Path                                                    PID  Runtime      # DAGs    # Errors  Last Runtime    Last Run
---------------------------------------------------------  -----  ---------  --------  ----------  --------------  -------------------
/opt/airflow/dags/us_accidents/download_kaggle_dataset.py     50  0.00s             1           0  0.08s           2025-04-09T11:22:23
================================================================================
[2025-04-09T11:23:23.472+0000] {manager.py:893} INFO - 
================================================================================
DAG File Processing Stats

File Path                                                    PID  Runtime      # DAGs    # Errors  Last Runtime    Last Run
---------------------------------------------------------  -----  ---------  --------  ----------  --------------  -------------------
/opt/airflow/dags/us_accidents/download_kaggle_dataset.py     51  0.00s             1           0  0.08s           2025-04-09T11:22:53
================================================================================
[2025-04-09T11:23:53.587+0000] {manager.py:893} INFO - 
================================================================================
DAG File Processing Stats

File Path                                                    PID  Runtime      # DAGs    # Errors  Last Runtime    Last Run
---------------------------------------------------------  -----  ---------  --------  ----------  --------------  -------------------
/opt/airflow/dags/us_accidents/download_kaggle_dataset.py     52  0.00s             1           0  0.07s           2025-04-09T11:23:23
================================================================================
[2025-04-09T11:24:08.322+0000] {manager.py:469} INFO - Exiting gracefully upon receiving signal 15
[2025-04-09T11:28:35.012+0000] {manager.py:487} INFO - Processing files using up to 2 processes at a time 
[2025-04-09T11:28:35.015+0000] {manager.py:488} INFO - Process each file at most once every 30 seconds
[2025-04-09T11:28:35.016+0000] {manager.py:489} INFO - Checking for new files in /opt/airflow/dags every 300 seconds
[2025-04-09T11:28:35.016+0000] {manager.py:759} INFO - Searching for files in /opt/airflow/dags
[2025-04-09T11:28:35.022+0000] {manager.py:762} INFO - There are 1 files in /opt/airflow/dags
[2025-04-09T11:28:36.073+0000] {manager.py:893} INFO - 
================================================================================
DAG File Processing Stats

File Path                                                    PID  Runtime      # DAGs    # Errors  Last Runtime    Last Run
---------------------------------------------------------  -----  ---------  --------  ----------  --------------  ----------
/opt/airflow/dags/us_accidents/download_kaggle_dataset.py     27  0.22s             0           0
================================================================================
[2025-04-09T11:29:06.268+0000] {manager.py:893} INFO - 
================================================================================
DAG File Processing Stats

File Path                                                  PID    Runtime      # DAGs    # Errors  Last Runtime    Last Run
---------------------------------------------------------  -----  ---------  --------  ----------  --------------  -------------------
/opt/airflow/dags/us_accidents/download_kaggle_dataset.py                           1           0  0.70s           2025-04-09T11:28:36
================================================================================
[2025-04-09T11:29:36.802+0000] {manager.py:893} INFO - 
================================================================================
DAG File Processing Stats

File Path                                                    PID  Runtime      # DAGs    # Errors  Last Runtime    Last Run
---------------------------------------------------------  -----  ---------  --------  ----------  --------------  -------------------
/opt/airflow/dags/us_accidents/download_kaggle_dataset.py     29  0.00s             1           0  0.10s           2025-04-09T11:29:06
================================================================================
[2025-04-09T11:30:06.910+0000] {manager.py:893} INFO - 
================================================================================
DAG File Processing Stats

File Path                                                    PID  Runtime      # DAGs    # Errors  Last Runtime    Last Run
---------------------------------------------------------  -----  ---------  --------  ----------  --------------  -------------------
/opt/airflow/dags/us_accidents/download_kaggle_dataset.py     30  0.00s             1           0  0.07s           2025-04-09T11:29:36
================================================================================
[2025-04-09T11:30:37.081+0000] {manager.py:893} INFO - 
================================================================================
DAG File Processing Stats

File Path                                                    PID  Runtime      # DAGs    # Errors  Last Runtime    Last Run
---------------------------------------------------------  -----  ---------  --------  ----------  --------------  -------------------
/opt/airflow/dags/us_accidents/download_kaggle_dataset.py     31  0.00s             1           0  0.10s           2025-04-09T11:30:07
================================================================================
[2025-04-09T11:31:07.193+0000] {manager.py:893} INFO - 
================================================================================
DAG File Processing Stats

File Path                                                    PID  Runtime      # DAGs    # Errors  Last Runtime    Last Run
---------------------------------------------------------  -----  ---------  --------  ----------  --------------  -------------------
/opt/airflow/dags/us_accidents/download_kaggle_dataset.py     32  0.00s             1           0  0.08s           2025-04-09T11:30:37
================================================================================
[2025-04-09T11:31:37.355+0000] {manager.py:893} INFO - 
================================================================================
DAG File Processing Stats

File Path                                                    PID  Runtime      # DAGs    # Errors  Last Runtime    Last Run
---------------------------------------------------------  -----  ---------  --------  ----------  --------------  -------------------
/opt/airflow/dags/us_accidents/download_kaggle_dataset.py     33  0.00s             1           0  0.08s           2025-04-09T11:31:07
================================================================================
[2025-04-09T11:32:07.467+0000] {manager.py:893} INFO - 
================================================================================
DAG File Processing Stats

File Path                                                    PID  Runtime      # DAGs    # Errors  Last Runtime    Last Run
---------------------------------------------------------  -----  ---------  --------  ----------  --------------  -------------------
/opt/airflow/dags/us_accidents/download_kaggle_dataset.py     34  0.00s             1           0  0.07s           2025-04-09T11:31:37
================================================================================
[2025-04-09T11:32:37.619+0000] {manager.py:893} INFO - 
================================================================================
DAG File Processing Stats

File Path                                                    PID  Runtime      # DAGs    # Errors  Last Runtime    Last Run
---------------------------------------------------------  -----  ---------  --------  ----------  --------------  -------------------
/opt/airflow/dags/us_accidents/download_kaggle_dataset.py     35  0.00s             1           0  0.07s           2025-04-09T11:32:07
================================================================================
[2025-04-09T11:33:07.741+0000] {manager.py:893} INFO - 
================================================================================
DAG File Processing Stats

File Path                                                    PID  Runtime      # DAGs    # Errors  Last Runtime    Last Run
---------------------------------------------------------  -----  ---------  --------  ----------  --------------  -------------------
/opt/airflow/dags/us_accidents/download_kaggle_dataset.py     36  0.01s             1           0  0.07s           2025-04-09T11:32:37
================================================================================
[2025-04-09T11:33:33.159+0000] {manager.py:469} INFO - Exiting gracefully upon receiving signal 15
