[2025-04-09T11:11:18.645+0000] {processor.py:157} INFO - Started process (PID=27) to work on /opt/airflow/dags/us_accidents/download_kaggle_dataset.py
[2025-04-09T11:11:18.665+0000] {processor.py:829} INFO - Processing file /opt/airflow/dags/us_accidents/download_kaggle_dataset.py for tasks to queue
[2025-04-09T11:11:18.694+0000] {logging_mixin.py:151} INFO - [2025-04-09T11:11:18.694+0000] {dagbag.py:539} INFO - Filling up the DagBag from /opt/airflow/dags/us_accidents/download_kaggle_dataset.py
[2025-04-09T11:11:18.853+0000] {processor.py:839} INFO - DAG(s) dict_keys(['us_accidents_download']) retrieved from /opt/airflow/dags/us_accidents/download_kaggle_dataset.py
[2025-04-09T11:11:19.541+0000] {logging_mixin.py:151} INFO - [2025-04-09T11:11:19.541+0000] {manager.py:499} INFO - Created Permission View: %s
[2025-04-09T11:11:19.561+0000] {logging_mixin.py:151} INFO - [2025-04-09T11:11:19.560+0000] {manager.py:499} INFO - Created Permission View: %s
[2025-04-09T11:11:19.578+0000] {logging_mixin.py:151} INFO - [2025-04-09T11:11:19.578+0000] {manager.py:499} INFO - Created Permission View: %s
[2025-04-09T11:11:19.579+0000] {logging_mixin.py:151} INFO - [2025-04-09T11:11:19.579+0000] {security.py:708} INFO - Not syncing DAG-level permissions for DAG 'DAG:us_accidents_download' as access control is unset.
[2025-04-09T11:11:19.579+0000] {logging_mixin.py:151} INFO - [2025-04-09T11:11:19.579+0000] {dag.py:2915} INFO - Sync 1 DAGs
[2025-04-09T11:11:19.604+0000] {logging_mixin.py:151} INFO - [2025-04-09T11:11:19.604+0000] {dag.py:2937} INFO - Creating ORM DAG for us_accidents_download
[2025-04-09T11:11:19.607+0000] {logging_mixin.py:151} INFO - [2025-04-09T11:11:19.607+0000] {dag.py:3696} INFO - Setting next_dagrun for us_accidents_download to None, run_after=None
[2025-04-09T11:11:19.650+0000] {processor.py:179} INFO - Processing /opt/airflow/dags/us_accidents/download_kaggle_dataset.py took 1.033 seconds
[2025-04-09T11:11:49.800+0000] {processor.py:157} INFO - Started process (PID=28) to work on /opt/airflow/dags/us_accidents/download_kaggle_dataset.py
[2025-04-09T11:11:49.801+0000] {processor.py:829} INFO - Processing file /opt/airflow/dags/us_accidents/download_kaggle_dataset.py for tasks to queue
[2025-04-09T11:11:49.803+0000] {logging_mixin.py:151} INFO - [2025-04-09T11:11:49.803+0000] {dagbag.py:539} INFO - Filling up the DagBag from /opt/airflow/dags/us_accidents/download_kaggle_dataset.py
[2025-04-09T11:11:49.813+0000] {processor.py:839} INFO - DAG(s) dict_keys(['us_accidents_download']) retrieved from /opt/airflow/dags/us_accidents/download_kaggle_dataset.py
[2025-04-09T11:11:49.840+0000] {logging_mixin.py:151} INFO - [2025-04-09T11:11:49.839+0000] {dag.py:2915} INFO - Sync 1 DAGs
[2025-04-09T11:11:49.849+0000] {logging_mixin.py:151} INFO - [2025-04-09T11:11:49.849+0000] {dag.py:3696} INFO - Setting next_dagrun for us_accidents_download to None, run_after=None
[2025-04-09T11:11:50.335+0000] {processor.py:179} INFO - Processing /opt/airflow/dags/us_accidents/download_kaggle_dataset.py took 0.538 seconds
[2025-04-09T11:12:20.457+0000] {processor.py:157} INFO - Started process (PID=29) to work on /opt/airflow/dags/us_accidents/download_kaggle_dataset.py
[2025-04-09T11:12:20.457+0000] {processor.py:829} INFO - Processing file /opt/airflow/dags/us_accidents/download_kaggle_dataset.py for tasks to queue
[2025-04-09T11:12:20.459+0000] {logging_mixin.py:151} INFO - [2025-04-09T11:12:20.459+0000] {dagbag.py:539} INFO - Filling up the DagBag from /opt/airflow/dags/us_accidents/download_kaggle_dataset.py
[2025-04-09T11:12:20.467+0000] {processor.py:839} INFO - DAG(s) dict_keys(['us_accidents_download']) retrieved from /opt/airflow/dags/us_accidents/download_kaggle_dataset.py
[2025-04-09T11:12:20.489+0000] {logging_mixin.py:151} INFO - [2025-04-09T11:12:20.489+0000] {dag.py:2915} INFO - Sync 1 DAGs
[2025-04-09T11:12:20.498+0000] {logging_mixin.py:151} INFO - [2025-04-09T11:12:20.498+0000] {dag.py:3696} INFO - Setting next_dagrun for us_accidents_download to None, run_after=None
[2025-04-09T11:12:20.512+0000] {processor.py:179} INFO - Processing /opt/airflow/dags/us_accidents/download_kaggle_dataset.py took 0.058 seconds
[2025-04-09T11:12:50.564+0000] {processor.py:157} INFO - Started process (PID=30) to work on /opt/airflow/dags/us_accidents/download_kaggle_dataset.py
[2025-04-09T11:12:50.565+0000] {processor.py:829} INFO - Processing file /opt/airflow/dags/us_accidents/download_kaggle_dataset.py for tasks to queue
[2025-04-09T11:12:50.566+0000] {logging_mixin.py:151} INFO - [2025-04-09T11:12:50.566+0000] {dagbag.py:539} INFO - Filling up the DagBag from /opt/airflow/dags/us_accidents/download_kaggle_dataset.py
[2025-04-09T11:12:50.576+0000] {processor.py:839} INFO - DAG(s) dict_keys(['us_accidents_download']) retrieved from /opt/airflow/dags/us_accidents/download_kaggle_dataset.py
[2025-04-09T11:12:50.603+0000] {logging_mixin.py:151} INFO - [2025-04-09T11:12:50.602+0000] {dag.py:2915} INFO - Sync 1 DAGs
[2025-04-09T11:12:50.613+0000] {logging_mixin.py:151} INFO - [2025-04-09T11:12:50.613+0000] {dag.py:3696} INFO - Setting next_dagrun for us_accidents_download to None, run_after=None
[2025-04-09T11:12:50.627+0000] {processor.py:179} INFO - Processing /opt/airflow/dags/us_accidents/download_kaggle_dataset.py took 0.065 seconds
[2025-04-09T11:13:20.730+0000] {processor.py:157} INFO - Started process (PID=31) to work on /opt/airflow/dags/us_accidents/download_kaggle_dataset.py
[2025-04-09T11:13:20.731+0000] {processor.py:829} INFO - Processing file /opt/airflow/dags/us_accidents/download_kaggle_dataset.py for tasks to queue
[2025-04-09T11:13:20.733+0000] {logging_mixin.py:151} INFO - [2025-04-09T11:13:20.733+0000] {dagbag.py:539} INFO - Filling up the DagBag from /opt/airflow/dags/us_accidents/download_kaggle_dataset.py
[2025-04-09T11:13:20.740+0000] {processor.py:839} INFO - DAG(s) dict_keys(['us_accidents_download']) retrieved from /opt/airflow/dags/us_accidents/download_kaggle_dataset.py
[2025-04-09T11:13:20.763+0000] {logging_mixin.py:151} INFO - [2025-04-09T11:13:20.763+0000] {dag.py:2915} INFO - Sync 1 DAGs
[2025-04-09T11:13:20.773+0000] {logging_mixin.py:151} INFO - [2025-04-09T11:13:20.773+0000] {dag.py:3696} INFO - Setting next_dagrun for us_accidents_download to None, run_after=None
[2025-04-09T11:13:20.787+0000] {processor.py:179} INFO - Processing /opt/airflow/dags/us_accidents/download_kaggle_dataset.py took 0.060 seconds
[2025-04-09T11:13:50.848+0000] {processor.py:157} INFO - Started process (PID=32) to work on /opt/airflow/dags/us_accidents/download_kaggle_dataset.py
[2025-04-09T11:13:50.849+0000] {processor.py:829} INFO - Processing file /opt/airflow/dags/us_accidents/download_kaggle_dataset.py for tasks to queue
[2025-04-09T11:13:50.850+0000] {logging_mixin.py:151} INFO - [2025-04-09T11:13:50.850+0000] {dagbag.py:539} INFO - Filling up the DagBag from /opt/airflow/dags/us_accidents/download_kaggle_dataset.py
[2025-04-09T11:13:50.858+0000] {processor.py:839} INFO - DAG(s) dict_keys(['us_accidents_download']) retrieved from /opt/airflow/dags/us_accidents/download_kaggle_dataset.py
[2025-04-09T11:13:50.881+0000] {logging_mixin.py:151} INFO - [2025-04-09T11:13:50.881+0000] {dag.py:2915} INFO - Sync 1 DAGs
[2025-04-09T11:13:50.892+0000] {logging_mixin.py:151} INFO - [2025-04-09T11:13:50.892+0000] {dag.py:3696} INFO - Setting next_dagrun for us_accidents_download to None, run_after=None
[2025-04-09T11:13:50.905+0000] {processor.py:179} INFO - Processing /opt/airflow/dags/us_accidents/download_kaggle_dataset.py took 0.060 seconds
[2025-04-09T11:14:20.989+0000] {processor.py:157} INFO - Started process (PID=33) to work on /opt/airflow/dags/us_accidents/download_kaggle_dataset.py
[2025-04-09T11:14:20.990+0000] {processor.py:829} INFO - Processing file /opt/airflow/dags/us_accidents/download_kaggle_dataset.py for tasks to queue
[2025-04-09T11:14:20.992+0000] {logging_mixin.py:151} INFO - [2025-04-09T11:14:20.991+0000] {dagbag.py:539} INFO - Filling up the DagBag from /opt/airflow/dags/us_accidents/download_kaggle_dataset.py
[2025-04-09T11:14:20.999+0000] {processor.py:839} INFO - DAG(s) dict_keys(['us_accidents_download']) retrieved from /opt/airflow/dags/us_accidents/download_kaggle_dataset.py
[2025-04-09T11:14:21.023+0000] {logging_mixin.py:151} INFO - [2025-04-09T11:14:21.023+0000] {dag.py:2915} INFO - Sync 1 DAGs
[2025-04-09T11:14:21.039+0000] {logging_mixin.py:151} INFO - [2025-04-09T11:14:21.038+0000] {dag.py:3696} INFO - Setting next_dagrun for us_accidents_download to None, run_after=None
[2025-04-09T11:14:21.057+0000] {processor.py:179} INFO - Processing /opt/airflow/dags/us_accidents/download_kaggle_dataset.py took 0.071 seconds
[2025-04-09T11:14:51.110+0000] {processor.py:157} INFO - Started process (PID=34) to work on /opt/airflow/dags/us_accidents/download_kaggle_dataset.py
[2025-04-09T11:14:51.111+0000] {processor.py:829} INFO - Processing file /opt/airflow/dags/us_accidents/download_kaggle_dataset.py for tasks to queue
[2025-04-09T11:14:51.112+0000] {logging_mixin.py:151} INFO - [2025-04-09T11:14:51.112+0000] {dagbag.py:539} INFO - Filling up the DagBag from /opt/airflow/dags/us_accidents/download_kaggle_dataset.py
[2025-04-09T11:14:51.121+0000] {processor.py:839} INFO - DAG(s) dict_keys(['us_accidents_download']) retrieved from /opt/airflow/dags/us_accidents/download_kaggle_dataset.py
[2025-04-09T11:14:51.142+0000] {logging_mixin.py:151} INFO - [2025-04-09T11:14:51.142+0000] {dag.py:2915} INFO - Sync 1 DAGs
[2025-04-09T11:14:51.154+0000] {logging_mixin.py:151} INFO - [2025-04-09T11:14:51.154+0000] {dag.py:3696} INFO - Setting next_dagrun for us_accidents_download to None, run_after=None
[2025-04-09T11:14:51.168+0000] {processor.py:179} INFO - Processing /opt/airflow/dags/us_accidents/download_kaggle_dataset.py took 0.060 seconds
[2025-04-09T11:15:21.270+0000] {processor.py:157} INFO - Started process (PID=35) to work on /opt/airflow/dags/us_accidents/download_kaggle_dataset.py
[2025-04-09T11:15:21.271+0000] {processor.py:829} INFO - Processing file /opt/airflow/dags/us_accidents/download_kaggle_dataset.py for tasks to queue
[2025-04-09T11:15:21.273+0000] {logging_mixin.py:151} INFO - [2025-04-09T11:15:21.273+0000] {dagbag.py:539} INFO - Filling up the DagBag from /opt/airflow/dags/us_accidents/download_kaggle_dataset.py
[2025-04-09T11:15:21.281+0000] {processor.py:839} INFO - DAG(s) dict_keys(['us_accidents_download']) retrieved from /opt/airflow/dags/us_accidents/download_kaggle_dataset.py
[2025-04-09T11:15:21.302+0000] {logging_mixin.py:151} INFO - [2025-04-09T11:15:21.302+0000] {dag.py:2915} INFO - Sync 1 DAGs
[2025-04-09T11:15:21.312+0000] {logging_mixin.py:151} INFO - [2025-04-09T11:15:21.312+0000] {dag.py:3696} INFO - Setting next_dagrun for us_accidents_download to None, run_after=None
[2025-04-09T11:15:21.326+0000] {processor.py:179} INFO - Processing /opt/airflow/dags/us_accidents/download_kaggle_dataset.py took 0.059 seconds
[2025-04-09T11:15:51.381+0000] {processor.py:157} INFO - Started process (PID=36) to work on /opt/airflow/dags/us_accidents/download_kaggle_dataset.py
[2025-04-09T11:15:51.381+0000] {processor.py:829} INFO - Processing file /opt/airflow/dags/us_accidents/download_kaggle_dataset.py for tasks to queue
[2025-04-09T11:15:51.383+0000] {logging_mixin.py:151} INFO - [2025-04-09T11:15:51.383+0000] {dagbag.py:539} INFO - Filling up the DagBag from /opt/airflow/dags/us_accidents/download_kaggle_dataset.py
[2025-04-09T11:15:51.391+0000] {processor.py:839} INFO - DAG(s) dict_keys(['us_accidents_download']) retrieved from /opt/airflow/dags/us_accidents/download_kaggle_dataset.py
[2025-04-09T11:15:51.414+0000] {logging_mixin.py:151} INFO - [2025-04-09T11:15:51.413+0000] {dag.py:2915} INFO - Sync 1 DAGs
[2025-04-09T11:15:51.425+0000] {logging_mixin.py:151} INFO - [2025-04-09T11:15:51.424+0000] {dag.py:3696} INFO - Setting next_dagrun for us_accidents_download to None, run_after=None
[2025-04-09T11:15:51.441+0000] {processor.py:179} INFO - Processing /opt/airflow/dags/us_accidents/download_kaggle_dataset.py took 0.063 seconds
[2025-04-09T11:16:21.545+0000] {processor.py:157} INFO - Started process (PID=37) to work on /opt/airflow/dags/us_accidents/download_kaggle_dataset.py
[2025-04-09T11:16:21.546+0000] {processor.py:829} INFO - Processing file /opt/airflow/dags/us_accidents/download_kaggle_dataset.py for tasks to queue
[2025-04-09T11:16:21.548+0000] {logging_mixin.py:151} INFO - [2025-04-09T11:16:21.547+0000] {dagbag.py:539} INFO - Filling up the DagBag from /opt/airflow/dags/us_accidents/download_kaggle_dataset.py
[2025-04-09T11:16:21.555+0000] {processor.py:839} INFO - DAG(s) dict_keys(['us_accidents_download']) retrieved from /opt/airflow/dags/us_accidents/download_kaggle_dataset.py
[2025-04-09T11:16:21.577+0000] {logging_mixin.py:151} INFO - [2025-04-09T11:16:21.577+0000] {dag.py:2915} INFO - Sync 1 DAGs
[2025-04-09T11:16:21.588+0000] {logging_mixin.py:151} INFO - [2025-04-09T11:16:21.588+0000] {dag.py:3696} INFO - Setting next_dagrun for us_accidents_download to None, run_after=None
[2025-04-09T11:16:21.602+0000] {processor.py:179} INFO - Processing /opt/airflow/dags/us_accidents/download_kaggle_dataset.py took 0.060 seconds
[2025-04-09T11:16:51.666+0000] {processor.py:157} INFO - Started process (PID=38) to work on /opt/airflow/dags/us_accidents/download_kaggle_dataset.py
[2025-04-09T11:16:51.666+0000] {processor.py:829} INFO - Processing file /opt/airflow/dags/us_accidents/download_kaggle_dataset.py for tasks to queue
[2025-04-09T11:16:51.668+0000] {logging_mixin.py:151} INFO - [2025-04-09T11:16:51.668+0000] {dagbag.py:539} INFO - Filling up the DagBag from /opt/airflow/dags/us_accidents/download_kaggle_dataset.py
[2025-04-09T11:16:51.676+0000] {processor.py:839} INFO - DAG(s) dict_keys(['us_accidents_download']) retrieved from /opt/airflow/dags/us_accidents/download_kaggle_dataset.py
[2025-04-09T11:16:51.700+0000] {logging_mixin.py:151} INFO - [2025-04-09T11:16:51.700+0000] {dag.py:2915} INFO - Sync 1 DAGs
[2025-04-09T11:16:51.710+0000] {logging_mixin.py:151} INFO - [2025-04-09T11:16:51.710+0000] {dag.py:3696} INFO - Setting next_dagrun for us_accidents_download to None, run_after=None
[2025-04-09T11:16:51.723+0000] {processor.py:179} INFO - Processing /opt/airflow/dags/us_accidents/download_kaggle_dataset.py took 0.060 seconds
[2025-04-09T11:17:21.816+0000] {processor.py:157} INFO - Started process (PID=39) to work on /opt/airflow/dags/us_accidents/download_kaggle_dataset.py
[2025-04-09T11:17:21.817+0000] {processor.py:829} INFO - Processing file /opt/airflow/dags/us_accidents/download_kaggle_dataset.py for tasks to queue
[2025-04-09T11:17:21.819+0000] {logging_mixin.py:151} INFO - [2025-04-09T11:17:21.819+0000] {dagbag.py:539} INFO - Filling up the DagBag from /opt/airflow/dags/us_accidents/download_kaggle_dataset.py
[2025-04-09T11:17:21.827+0000] {processor.py:839} INFO - DAG(s) dict_keys(['us_accidents_download']) retrieved from /opt/airflow/dags/us_accidents/download_kaggle_dataset.py
[2025-04-09T11:17:21.850+0000] {logging_mixin.py:151} INFO - [2025-04-09T11:17:21.849+0000] {dag.py:2915} INFO - Sync 1 DAGs
[2025-04-09T11:17:21.860+0000] {logging_mixin.py:151} INFO - [2025-04-09T11:17:21.860+0000] {dag.py:3696} INFO - Setting next_dagrun for us_accidents_download to None, run_after=None
[2025-04-09T11:17:21.873+0000] {processor.py:179} INFO - Processing /opt/airflow/dags/us_accidents/download_kaggle_dataset.py took 0.061 seconds
[2025-04-09T11:17:51.947+0000] {processor.py:157} INFO - Started process (PID=40) to work on /opt/airflow/dags/us_accidents/download_kaggle_dataset.py
[2025-04-09T11:17:51.948+0000] {processor.py:829} INFO - Processing file /opt/airflow/dags/us_accidents/download_kaggle_dataset.py for tasks to queue
[2025-04-09T11:17:51.951+0000] {logging_mixin.py:151} INFO - [2025-04-09T11:17:51.951+0000] {dagbag.py:539} INFO - Filling up the DagBag from /opt/airflow/dags/us_accidents/download_kaggle_dataset.py
[2025-04-09T11:17:51.964+0000] {processor.py:839} INFO - DAG(s) dict_keys(['us_accidents_download']) retrieved from /opt/airflow/dags/us_accidents/download_kaggle_dataset.py
[2025-04-09T11:17:51.997+0000] {logging_mixin.py:151} INFO - [2025-04-09T11:17:51.997+0000] {dag.py:2915} INFO - Sync 1 DAGs
[2025-04-09T11:17:52.015+0000] {logging_mixin.py:151} INFO - [2025-04-09T11:17:52.015+0000] {dag.py:3696} INFO - Setting next_dagrun for us_accidents_download to None, run_after=None
[2025-04-09T11:17:52.029+0000] {processor.py:179} INFO - Processing /opt/airflow/dags/us_accidents/download_kaggle_dataset.py took 0.086 seconds
[2025-04-09T11:18:22.076+0000] {processor.py:157} INFO - Started process (PID=41) to work on /opt/airflow/dags/us_accidents/download_kaggle_dataset.py
[2025-04-09T11:18:22.077+0000] {processor.py:829} INFO - Processing file /opt/airflow/dags/us_accidents/download_kaggle_dataset.py for tasks to queue
[2025-04-09T11:18:22.078+0000] {logging_mixin.py:151} INFO - [2025-04-09T11:18:22.078+0000] {dagbag.py:539} INFO - Filling up the DagBag from /opt/airflow/dags/us_accidents/download_kaggle_dataset.py
[2025-04-09T11:18:22.086+0000] {processor.py:839} INFO - DAG(s) dict_keys(['us_accidents_download']) retrieved from /opt/airflow/dags/us_accidents/download_kaggle_dataset.py
[2025-04-09T11:18:22.108+0000] {logging_mixin.py:151} INFO - [2025-04-09T11:18:22.108+0000] {dag.py:2915} INFO - Sync 1 DAGs
[2025-04-09T11:18:22.119+0000] {logging_mixin.py:151} INFO - [2025-04-09T11:18:22.119+0000] {dag.py:3696} INFO - Setting next_dagrun for us_accidents_download to None, run_after=None
[2025-04-09T11:18:22.133+0000] {processor.py:179} INFO - Processing /opt/airflow/dags/us_accidents/download_kaggle_dataset.py took 0.059 seconds
[2025-04-09T11:18:52.264+0000] {processor.py:157} INFO - Started process (PID=42) to work on /opt/airflow/dags/us_accidents/download_kaggle_dataset.py
[2025-04-09T11:18:52.265+0000] {processor.py:829} INFO - Processing file /opt/airflow/dags/us_accidents/download_kaggle_dataset.py for tasks to queue
[2025-04-09T11:18:52.267+0000] {logging_mixin.py:151} INFO - [2025-04-09T11:18:52.267+0000] {dagbag.py:539} INFO - Filling up the DagBag from /opt/airflow/dags/us_accidents/download_kaggle_dataset.py
[2025-04-09T11:18:52.274+0000] {processor.py:839} INFO - DAG(s) dict_keys(['us_accidents_download']) retrieved from /opt/airflow/dags/us_accidents/download_kaggle_dataset.py
[2025-04-09T11:18:52.297+0000] {logging_mixin.py:151} INFO - [2025-04-09T11:18:52.296+0000] {dag.py:2915} INFO - Sync 1 DAGs
[2025-04-09T11:18:52.307+0000] {logging_mixin.py:151} INFO - [2025-04-09T11:18:52.307+0000] {dag.py:3696} INFO - Setting next_dagrun for us_accidents_download to None, run_after=None
[2025-04-09T11:18:52.322+0000] {processor.py:179} INFO - Processing /opt/airflow/dags/us_accidents/download_kaggle_dataset.py took 0.061 seconds
[2025-04-09T11:19:22.382+0000] {processor.py:157} INFO - Started process (PID=43) to work on /opt/airflow/dags/us_accidents/download_kaggle_dataset.py
[2025-04-09T11:19:22.382+0000] {processor.py:829} INFO - Processing file /opt/airflow/dags/us_accidents/download_kaggle_dataset.py for tasks to queue
[2025-04-09T11:19:22.384+0000] {logging_mixin.py:151} INFO - [2025-04-09T11:19:22.384+0000] {dagbag.py:539} INFO - Filling up the DagBag from /opt/airflow/dags/us_accidents/download_kaggle_dataset.py
[2025-04-09T11:19:22.392+0000] {processor.py:839} INFO - DAG(s) dict_keys(['us_accidents_download']) retrieved from /opt/airflow/dags/us_accidents/download_kaggle_dataset.py
[2025-04-09T11:19:22.416+0000] {logging_mixin.py:151} INFO - [2025-04-09T11:19:22.415+0000] {dag.py:2915} INFO - Sync 1 DAGs
[2025-04-09T11:19:22.426+0000] {logging_mixin.py:151} INFO - [2025-04-09T11:19:22.426+0000] {dag.py:3696} INFO - Setting next_dagrun for us_accidents_download to None, run_after=None
[2025-04-09T11:19:22.440+0000] {processor.py:179} INFO - Processing /opt/airflow/dags/us_accidents/download_kaggle_dataset.py took 0.061 seconds
[2025-04-09T11:19:52.518+0000] {processor.py:157} INFO - Started process (PID=44) to work on /opt/airflow/dags/us_accidents/download_kaggle_dataset.py
[2025-04-09T11:19:52.519+0000] {processor.py:829} INFO - Processing file /opt/airflow/dags/us_accidents/download_kaggle_dataset.py for tasks to queue
[2025-04-09T11:19:52.521+0000] {logging_mixin.py:151} INFO - [2025-04-09T11:19:52.521+0000] {dagbag.py:539} INFO - Filling up the DagBag from /opt/airflow/dags/us_accidents/download_kaggle_dataset.py
[2025-04-09T11:19:52.529+0000] {processor.py:839} INFO - DAG(s) dict_keys(['us_accidents_download']) retrieved from /opt/airflow/dags/us_accidents/download_kaggle_dataset.py
[2025-04-09T11:19:52.551+0000] {logging_mixin.py:151} INFO - [2025-04-09T11:19:52.551+0000] {dag.py:2915} INFO - Sync 1 DAGs
[2025-04-09T11:19:52.561+0000] {logging_mixin.py:151} INFO - [2025-04-09T11:19:52.561+0000] {dag.py:3696} INFO - Setting next_dagrun for us_accidents_download to None, run_after=None
[2025-04-09T11:19:52.574+0000] {processor.py:179} INFO - Processing /opt/airflow/dags/us_accidents/download_kaggle_dataset.py took 0.059 seconds
[2025-04-09T11:20:22.642+0000] {processor.py:157} INFO - Started process (PID=45) to work on /opt/airflow/dags/us_accidents/download_kaggle_dataset.py
[2025-04-09T11:20:22.642+0000] {processor.py:829} INFO - Processing file /opt/airflow/dags/us_accidents/download_kaggle_dataset.py for tasks to queue
[2025-04-09T11:20:22.644+0000] {logging_mixin.py:151} INFO - [2025-04-09T11:20:22.644+0000] {dagbag.py:539} INFO - Filling up the DagBag from /opt/airflow/dags/us_accidents/download_kaggle_dataset.py
[2025-04-09T11:20:22.653+0000] {processor.py:839} INFO - DAG(s) dict_keys(['us_accidents_download']) retrieved from /opt/airflow/dags/us_accidents/download_kaggle_dataset.py
[2025-04-09T11:20:22.675+0000] {logging_mixin.py:151} INFO - [2025-04-09T11:20:22.675+0000] {dag.py:2915} INFO - Sync 1 DAGs
[2025-04-09T11:20:22.686+0000] {logging_mixin.py:151} INFO - [2025-04-09T11:20:22.685+0000] {dag.py:3696} INFO - Setting next_dagrun for us_accidents_download to None, run_after=None
[2025-04-09T11:20:22.699+0000] {processor.py:179} INFO - Processing /opt/airflow/dags/us_accidents/download_kaggle_dataset.py took 0.060 seconds
[2025-04-09T11:20:52.789+0000] {processor.py:157} INFO - Started process (PID=46) to work on /opt/airflow/dags/us_accidents/download_kaggle_dataset.py
[2025-04-09T11:20:52.792+0000] {processor.py:829} INFO - Processing file /opt/airflow/dags/us_accidents/download_kaggle_dataset.py for tasks to queue
[2025-04-09T11:20:52.794+0000] {logging_mixin.py:151} INFO - [2025-04-09T11:20:52.794+0000] {dagbag.py:539} INFO - Filling up the DagBag from /opt/airflow/dags/us_accidents/download_kaggle_dataset.py
[2025-04-09T11:20:52.805+0000] {processor.py:839} INFO - DAG(s) dict_keys(['us_accidents_download']) retrieved from /opt/airflow/dags/us_accidents/download_kaggle_dataset.py
[2025-04-09T11:20:52.828+0000] {logging_mixin.py:151} INFO - [2025-04-09T11:20:52.828+0000] {dag.py:2915} INFO - Sync 1 DAGs
[2025-04-09T11:20:52.838+0000] {logging_mixin.py:151} INFO - [2025-04-09T11:20:52.837+0000] {dag.py:3696} INFO - Setting next_dagrun for us_accidents_download to None, run_after=None
[2025-04-09T11:20:52.851+0000] {processor.py:179} INFO - Processing /opt/airflow/dags/us_accidents/download_kaggle_dataset.py took 0.067 seconds
[2025-04-09T11:21:22.932+0000] {processor.py:157} INFO - Started process (PID=47) to work on /opt/airflow/dags/us_accidents/download_kaggle_dataset.py
[2025-04-09T11:21:22.933+0000] {processor.py:829} INFO - Processing file /opt/airflow/dags/us_accidents/download_kaggle_dataset.py for tasks to queue
[2025-04-09T11:21:22.936+0000] {logging_mixin.py:151} INFO - [2025-04-09T11:21:22.935+0000] {dagbag.py:539} INFO - Filling up the DagBag from /opt/airflow/dags/us_accidents/download_kaggle_dataset.py
[2025-04-09T11:21:22.952+0000] {processor.py:839} INFO - DAG(s) dict_keys(['us_accidents_download']) retrieved from /opt/airflow/dags/us_accidents/download_kaggle_dataset.py
[2025-04-09T11:21:22.976+0000] {logging_mixin.py:151} INFO - [2025-04-09T11:21:22.975+0000] {dag.py:2915} INFO - Sync 1 DAGs
[2025-04-09T11:21:22.986+0000] {logging_mixin.py:151} INFO - [2025-04-09T11:21:22.986+0000] {dag.py:3696} INFO - Setting next_dagrun for us_accidents_download to None, run_after=None
[2025-04-09T11:21:22.999+0000] {processor.py:179} INFO - Processing /opt/airflow/dags/us_accidents/download_kaggle_dataset.py took 0.071 seconds
[2025-04-09T11:21:53.062+0000] {processor.py:157} INFO - Started process (PID=48) to work on /opt/airflow/dags/us_accidents/download_kaggle_dataset.py
[2025-04-09T11:21:53.063+0000] {processor.py:829} INFO - Processing file /opt/airflow/dags/us_accidents/download_kaggle_dataset.py for tasks to queue
[2025-04-09T11:21:53.064+0000] {logging_mixin.py:151} INFO - [2025-04-09T11:21:53.064+0000] {dagbag.py:539} INFO - Filling up the DagBag from /opt/airflow/dags/us_accidents/download_kaggle_dataset.py
[2025-04-09T11:21:53.072+0000] {processor.py:839} INFO - DAG(s) dict_keys(['us_accidents_download']) retrieved from /opt/airflow/dags/us_accidents/download_kaggle_dataset.py
[2025-04-09T11:21:53.095+0000] {logging_mixin.py:151} INFO - [2025-04-09T11:21:53.095+0000] {dag.py:2915} INFO - Sync 1 DAGs
[2025-04-09T11:21:53.105+0000] {logging_mixin.py:151} INFO - [2025-04-09T11:21:53.105+0000] {dag.py:3696} INFO - Setting next_dagrun for us_accidents_download to None, run_after=None
[2025-04-09T11:21:53.119+0000] {processor.py:179} INFO - Processing /opt/airflow/dags/us_accidents/download_kaggle_dataset.py took 0.059 seconds
[2025-04-09T11:22:23.215+0000] {processor.py:157} INFO - Started process (PID=49) to work on /opt/airflow/dags/us_accidents/download_kaggle_dataset.py
[2025-04-09T11:22:23.216+0000] {processor.py:829} INFO - Processing file /opt/airflow/dags/us_accidents/download_kaggle_dataset.py for tasks to queue
[2025-04-09T11:22:23.218+0000] {logging_mixin.py:151} INFO - [2025-04-09T11:22:23.218+0000] {dagbag.py:539} INFO - Filling up the DagBag from /opt/airflow/dags/us_accidents/download_kaggle_dataset.py
[2025-04-09T11:22:23.226+0000] {processor.py:839} INFO - DAG(s) dict_keys(['us_accidents_download']) retrieved from /opt/airflow/dags/us_accidents/download_kaggle_dataset.py
[2025-04-09T11:22:23.250+0000] {logging_mixin.py:151} INFO - [2025-04-09T11:22:23.250+0000] {dag.py:2915} INFO - Sync 1 DAGs
[2025-04-09T11:22:23.260+0000] {logging_mixin.py:151} INFO - [2025-04-09T11:22:23.260+0000] {dag.py:3696} INFO - Setting next_dagrun for us_accidents_download to None, run_after=None
[2025-04-09T11:22:23.274+0000] {processor.py:179} INFO - Processing /opt/airflow/dags/us_accidents/download_kaggle_dataset.py took 0.063 seconds
[2025-04-09T11:22:53.333+0000] {processor.py:157} INFO - Started process (PID=50) to work on /opt/airflow/dags/us_accidents/download_kaggle_dataset.py
[2025-04-09T11:22:53.333+0000] {processor.py:829} INFO - Processing file /opt/airflow/dags/us_accidents/download_kaggle_dataset.py for tasks to queue
[2025-04-09T11:22:53.335+0000] {logging_mixin.py:151} INFO - [2025-04-09T11:22:53.335+0000] {dagbag.py:539} INFO - Filling up the DagBag from /opt/airflow/dags/us_accidents/download_kaggle_dataset.py
[2025-04-09T11:22:53.343+0000] {processor.py:839} INFO - DAG(s) dict_keys(['us_accidents_download']) retrieved from /opt/airflow/dags/us_accidents/download_kaggle_dataset.py
[2025-04-09T11:22:53.367+0000] {logging_mixin.py:151} INFO - [2025-04-09T11:22:53.367+0000] {dag.py:2915} INFO - Sync 1 DAGs
[2025-04-09T11:22:53.376+0000] {logging_mixin.py:151} INFO - [2025-04-09T11:22:53.376+0000] {dag.py:3696} INFO - Setting next_dagrun for us_accidents_download to None, run_after=None
[2025-04-09T11:22:53.391+0000] {processor.py:179} INFO - Processing /opt/airflow/dags/us_accidents/download_kaggle_dataset.py took 0.061 seconds
[2025-04-09T11:23:23.476+0000] {processor.py:157} INFO - Started process (PID=51) to work on /opt/airflow/dags/us_accidents/download_kaggle_dataset.py
[2025-04-09T11:23:23.477+0000] {processor.py:829} INFO - Processing file /opt/airflow/dags/us_accidents/download_kaggle_dataset.py for tasks to queue
[2025-04-09T11:23:23.479+0000] {logging_mixin.py:151} INFO - [2025-04-09T11:23:23.478+0000] {dagbag.py:539} INFO - Filling up the DagBag from /opt/airflow/dags/us_accidents/download_kaggle_dataset.py
[2025-04-09T11:23:23.486+0000] {processor.py:839} INFO - DAG(s) dict_keys(['us_accidents_download']) retrieved from /opt/airflow/dags/us_accidents/download_kaggle_dataset.py
[2025-04-09T11:23:23.508+0000] {logging_mixin.py:151} INFO - [2025-04-09T11:23:23.508+0000] {dag.py:2915} INFO - Sync 1 DAGs
[2025-04-09T11:23:23.517+0000] {logging_mixin.py:151} INFO - [2025-04-09T11:23:23.517+0000] {dag.py:3696} INFO - Setting next_dagrun for us_accidents_download to None, run_after=None
[2025-04-09T11:23:23.531+0000] {processor.py:179} INFO - Processing /opt/airflow/dags/us_accidents/download_kaggle_dataset.py took 0.058 seconds
[2025-04-09T11:23:53.590+0000] {processor.py:157} INFO - Started process (PID=52) to work on /opt/airflow/dags/us_accidents/download_kaggle_dataset.py
[2025-04-09T11:23:53.591+0000] {processor.py:829} INFO - Processing file /opt/airflow/dags/us_accidents/download_kaggle_dataset.py for tasks to queue
[2025-04-09T11:23:53.593+0000] {logging_mixin.py:151} INFO - [2025-04-09T11:23:53.592+0000] {dagbag.py:539} INFO - Filling up the DagBag from /opt/airflow/dags/us_accidents/download_kaggle_dataset.py
[2025-04-09T11:23:53.600+0000] {processor.py:839} INFO - DAG(s) dict_keys(['us_accidents_download']) retrieved from /opt/airflow/dags/us_accidents/download_kaggle_dataset.py
[2025-04-09T11:23:53.625+0000] {logging_mixin.py:151} INFO - [2025-04-09T11:23:53.624+0000] {dag.py:2915} INFO - Sync 1 DAGs
[2025-04-09T11:23:53.635+0000] {logging_mixin.py:151} INFO - [2025-04-09T11:23:53.635+0000] {dag.py:3696} INFO - Setting next_dagrun for us_accidents_download to None, run_after=None
[2025-04-09T11:23:53.651+0000] {processor.py:179} INFO - Processing /opt/airflow/dags/us_accidents/download_kaggle_dataset.py took 0.063 seconds
[2025-04-09T11:28:35.888+0000] {processor.py:157} INFO - Started process (PID=27) to work on /opt/airflow/dags/us_accidents/download_kaggle_dataset.py
[2025-04-09T11:28:35.893+0000] {processor.py:829} INFO - Processing file /opt/airflow/dags/us_accidents/download_kaggle_dataset.py for tasks to queue
[2025-04-09T11:28:35.901+0000] {logging_mixin.py:151} INFO - [2025-04-09T11:28:35.901+0000] {dagbag.py:539} INFO - Filling up the DagBag from /opt/airflow/dags/us_accidents/download_kaggle_dataset.py
[2025-04-09T11:28:35.980+0000] {processor.py:839} INFO - DAG(s) dict_keys(['us_accidents_download']) retrieved from /opt/airflow/dags/us_accidents/download_kaggle_dataset.py
[2025-04-09T11:28:36.432+0000] {logging_mixin.py:151} INFO - [2025-04-09T11:28:36.432+0000] {security.py:708} INFO - Not syncing DAG-level permissions for DAG 'DAG:us_accidents_download' as access control is unset.
[2025-04-09T11:28:36.433+0000] {logging_mixin.py:151} INFO - [2025-04-09T11:28:36.433+0000] {dag.py:2915} INFO - Sync 1 DAGs
[2025-04-09T11:28:36.448+0000] {logging_mixin.py:151} INFO - [2025-04-09T11:28:36.447+0000] {dag.py:3696} INFO - Setting next_dagrun for us_accidents_download to None, run_after=None
[2025-04-09T11:28:36.484+0000] {processor.py:179} INFO - Processing /opt/airflow/dags/us_accidents/download_kaggle_dataset.py took 0.603 seconds
[2025-04-09T11:29:06.698+0000] {processor.py:157} INFO - Started process (PID=28) to work on /opt/airflow/dags/us_accidents/download_kaggle_dataset.py
[2025-04-09T11:29:06.700+0000] {processor.py:829} INFO - Processing file /opt/airflow/dags/us_accidents/download_kaggle_dataset.py for tasks to queue
[2025-04-09T11:29:06.702+0000] {logging_mixin.py:151} INFO - [2025-04-09T11:29:06.702+0000] {dagbag.py:539} INFO - Filling up the DagBag from /opt/airflow/dags/us_accidents/download_kaggle_dataset.py
[2025-04-09T11:29:06.710+0000] {processor.py:839} INFO - DAG(s) dict_keys(['us_accidents_download']) retrieved from /opt/airflow/dags/us_accidents/download_kaggle_dataset.py
[2025-04-09T11:29:06.740+0000] {logging_mixin.py:151} INFO - [2025-04-09T11:29:06.740+0000] {dag.py:2915} INFO - Sync 1 DAGs
[2025-04-09T11:29:06.750+0000] {logging_mixin.py:151} INFO - [2025-04-09T11:29:06.750+0000] {dag.py:3696} INFO - Setting next_dagrun for us_accidents_download to None, run_after=None
[2025-04-09T11:29:06.764+0000] {processor.py:179} INFO - Processing /opt/airflow/dags/us_accidents/download_kaggle_dataset.py took 0.068 seconds
[2025-04-09T11:29:36.806+0000] {processor.py:157} INFO - Started process (PID=29) to work on /opt/airflow/dags/us_accidents/download_kaggle_dataset.py
[2025-04-09T11:29:36.807+0000] {processor.py:829} INFO - Processing file /opt/airflow/dags/us_accidents/download_kaggle_dataset.py for tasks to queue
[2025-04-09T11:29:36.808+0000] {logging_mixin.py:151} INFO - [2025-04-09T11:29:36.808+0000] {dagbag.py:539} INFO - Filling up the DagBag from /opt/airflow/dags/us_accidents/download_kaggle_dataset.py
[2025-04-09T11:29:36.816+0000] {processor.py:839} INFO - DAG(s) dict_keys(['us_accidents_download']) retrieved from /opt/airflow/dags/us_accidents/download_kaggle_dataset.py
[2025-04-09T11:29:36.838+0000] {logging_mixin.py:151} INFO - [2025-04-09T11:29:36.838+0000] {dag.py:2915} INFO - Sync 1 DAGs
[2025-04-09T11:29:36.849+0000] {logging_mixin.py:151} INFO - [2025-04-09T11:29:36.849+0000] {dag.py:3696} INFO - Setting next_dagrun for us_accidents_download to None, run_after=None
[2025-04-09T11:29:36.863+0000] {processor.py:179} INFO - Processing /opt/airflow/dags/us_accidents/download_kaggle_dataset.py took 0.059 seconds
[2025-04-09T11:30:06.913+0000] {processor.py:157} INFO - Started process (PID=30) to work on /opt/airflow/dags/us_accidents/download_kaggle_dataset.py
[2025-04-09T11:30:06.914+0000] {processor.py:829} INFO - Processing file /opt/airflow/dags/us_accidents/download_kaggle_dataset.py for tasks to queue
[2025-04-09T11:30:06.916+0000] {logging_mixin.py:151} INFO - [2025-04-09T11:30:06.915+0000] {dagbag.py:539} INFO - Filling up the DagBag from /opt/airflow/dags/us_accidents/download_kaggle_dataset.py
[2025-04-09T11:30:06.924+0000] {processor.py:839} INFO - DAG(s) dict_keys(['us_accidents_download']) retrieved from /opt/airflow/dags/us_accidents/download_kaggle_dataset.py
[2025-04-09T11:30:06.959+0000] {logging_mixin.py:151} INFO - [2025-04-09T11:30:06.959+0000] {dag.py:2915} INFO - Sync 1 DAGs
[2025-04-09T11:30:06.974+0000] {logging_mixin.py:151} INFO - [2025-04-09T11:30:06.973+0000] {dag.py:3696} INFO - Setting next_dagrun for us_accidents_download to None, run_after=None
[2025-04-09T11:30:06.994+0000] {processor.py:179} INFO - Processing /opt/airflow/dags/us_accidents/download_kaggle_dataset.py took 0.083 seconds
[2025-04-09T11:30:37.086+0000] {processor.py:157} INFO - Started process (PID=31) to work on /opt/airflow/dags/us_accidents/download_kaggle_dataset.py
[2025-04-09T11:30:37.086+0000] {processor.py:829} INFO - Processing file /opt/airflow/dags/us_accidents/download_kaggle_dataset.py for tasks to queue
[2025-04-09T11:30:37.088+0000] {logging_mixin.py:151} INFO - [2025-04-09T11:30:37.088+0000] {dagbag.py:539} INFO - Filling up the DagBag from /opt/airflow/dags/us_accidents/download_kaggle_dataset.py
[2025-04-09T11:30:37.096+0000] {processor.py:839} INFO - DAG(s) dict_keys(['us_accidents_download']) retrieved from /opt/airflow/dags/us_accidents/download_kaggle_dataset.py
[2025-04-09T11:30:37.118+0000] {logging_mixin.py:151} INFO - [2025-04-09T11:30:37.118+0000] {dag.py:2915} INFO - Sync 1 DAGs
[2025-04-09T11:30:37.128+0000] {logging_mixin.py:151} INFO - [2025-04-09T11:30:37.128+0000] {dag.py:3696} INFO - Setting next_dagrun for us_accidents_download to None, run_after=None
[2025-04-09T11:30:37.143+0000] {processor.py:179} INFO - Processing /opt/airflow/dags/us_accidents/download_kaggle_dataset.py took 0.060 seconds
[2025-04-09T11:31:07.197+0000] {processor.py:157} INFO - Started process (PID=32) to work on /opt/airflow/dags/us_accidents/download_kaggle_dataset.py
[2025-04-09T11:31:07.198+0000] {processor.py:829} INFO - Processing file /opt/airflow/dags/us_accidents/download_kaggle_dataset.py for tasks to queue
[2025-04-09T11:31:07.199+0000] {logging_mixin.py:151} INFO - [2025-04-09T11:31:07.199+0000] {dagbag.py:539} INFO - Filling up the DagBag from /opt/airflow/dags/us_accidents/download_kaggle_dataset.py
[2025-04-09T11:31:07.207+0000] {processor.py:839} INFO - DAG(s) dict_keys(['us_accidents_download']) retrieved from /opt/airflow/dags/us_accidents/download_kaggle_dataset.py
[2025-04-09T11:31:07.231+0000] {logging_mixin.py:151} INFO - [2025-04-09T11:31:07.230+0000] {dag.py:2915} INFO - Sync 1 DAGs
[2025-04-09T11:31:07.242+0000] {logging_mixin.py:151} INFO - [2025-04-09T11:31:07.241+0000] {dag.py:3696} INFO - Setting next_dagrun for us_accidents_download to None, run_after=None
[2025-04-09T11:31:07.256+0000] {processor.py:179} INFO - Processing /opt/airflow/dags/us_accidents/download_kaggle_dataset.py took 0.062 seconds
[2025-04-09T11:31:37.360+0000] {processor.py:157} INFO - Started process (PID=33) to work on /opt/airflow/dags/us_accidents/download_kaggle_dataset.py
[2025-04-09T11:31:37.360+0000] {processor.py:829} INFO - Processing file /opt/airflow/dags/us_accidents/download_kaggle_dataset.py for tasks to queue
[2025-04-09T11:31:37.362+0000] {logging_mixin.py:151} INFO - [2025-04-09T11:31:37.362+0000] {dagbag.py:539} INFO - Filling up the DagBag from /opt/airflow/dags/us_accidents/download_kaggle_dataset.py
[2025-04-09T11:31:37.370+0000] {processor.py:839} INFO - DAG(s) dict_keys(['us_accidents_download']) retrieved from /opt/airflow/dags/us_accidents/download_kaggle_dataset.py
[2025-04-09T11:31:37.392+0000] {logging_mixin.py:151} INFO - [2025-04-09T11:31:37.392+0000] {dag.py:2915} INFO - Sync 1 DAGs
[2025-04-09T11:31:37.403+0000] {logging_mixin.py:151} INFO - [2025-04-09T11:31:37.402+0000] {dag.py:3696} INFO - Setting next_dagrun for us_accidents_download to None, run_after=None
[2025-04-09T11:31:37.416+0000] {processor.py:179} INFO - Processing /opt/airflow/dags/us_accidents/download_kaggle_dataset.py took 0.059 seconds
[2025-04-09T11:32:07.471+0000] {processor.py:157} INFO - Started process (PID=34) to work on /opt/airflow/dags/us_accidents/download_kaggle_dataset.py
[2025-04-09T11:32:07.472+0000] {processor.py:829} INFO - Processing file /opt/airflow/dags/us_accidents/download_kaggle_dataset.py for tasks to queue
[2025-04-09T11:32:07.473+0000] {logging_mixin.py:151} INFO - [2025-04-09T11:32:07.473+0000] {dagbag.py:539} INFO - Filling up the DagBag from /opt/airflow/dags/us_accidents/download_kaggle_dataset.py
[2025-04-09T11:32:07.481+0000] {processor.py:839} INFO - DAG(s) dict_keys(['us_accidents_download']) retrieved from /opt/airflow/dags/us_accidents/download_kaggle_dataset.py
[2025-04-09T11:32:07.504+0000] {logging_mixin.py:151} INFO - [2025-04-09T11:32:07.504+0000] {dag.py:2915} INFO - Sync 1 DAGs
[2025-04-09T11:32:07.514+0000] {logging_mixin.py:151} INFO - [2025-04-09T11:32:07.514+0000] {dag.py:3696} INFO - Setting next_dagrun for us_accidents_download to None, run_after=None
[2025-04-09T11:32:07.528+0000] {processor.py:179} INFO - Processing /opt/airflow/dags/us_accidents/download_kaggle_dataset.py took 0.059 seconds
[2025-04-09T11:32:37.623+0000] {processor.py:157} INFO - Started process (PID=35) to work on /opt/airflow/dags/us_accidents/download_kaggle_dataset.py
[2025-04-09T11:32:37.624+0000] {processor.py:829} INFO - Processing file /opt/airflow/dags/us_accidents/download_kaggle_dataset.py for tasks to queue
[2025-04-09T11:32:37.626+0000] {logging_mixin.py:151} INFO - [2025-04-09T11:32:37.626+0000] {dagbag.py:539} INFO - Filling up the DagBag from /opt/airflow/dags/us_accidents/download_kaggle_dataset.py
[2025-04-09T11:32:37.634+0000] {processor.py:839} INFO - DAG(s) dict_keys(['us_accidents_download']) retrieved from /opt/airflow/dags/us_accidents/download_kaggle_dataset.py
[2025-04-09T11:32:37.656+0000] {logging_mixin.py:151} INFO - [2025-04-09T11:32:37.655+0000] {dag.py:2915} INFO - Sync 1 DAGs
[2025-04-09T11:32:37.666+0000] {logging_mixin.py:151} INFO - [2025-04-09T11:32:37.665+0000] {dag.py:3696} INFO - Setting next_dagrun for us_accidents_download to None, run_after=None
[2025-04-09T11:32:37.679+0000] {processor.py:179} INFO - Processing /opt/airflow/dags/us_accidents/download_kaggle_dataset.py took 0.059 seconds
[2025-04-09T11:33:07.748+0000] {processor.py:157} INFO - Started process (PID=36) to work on /opt/airflow/dags/us_accidents/download_kaggle_dataset.py
[2025-04-09T11:33:07.750+0000] {processor.py:829} INFO - Processing file /opt/airflow/dags/us_accidents/download_kaggle_dataset.py for tasks to queue
[2025-04-09T11:33:07.752+0000] {logging_mixin.py:151} INFO - [2025-04-09T11:33:07.752+0000] {dagbag.py:539} INFO - Filling up the DagBag from /opt/airflow/dags/us_accidents/download_kaggle_dataset.py
[2025-04-09T11:33:07.764+0000] {processor.py:839} INFO - DAG(s) dict_keys(['us_accidents_download']) retrieved from /opt/airflow/dags/us_accidents/download_kaggle_dataset.py
[2025-04-09T11:33:07.793+0000] {logging_mixin.py:151} INFO - [2025-04-09T11:33:07.792+0000] {dag.py:2915} INFO - Sync 1 DAGs
[2025-04-09T11:33:07.802+0000] {logging_mixin.py:151} INFO - [2025-04-09T11:33:07.802+0000] {dag.py:3696} INFO - Setting next_dagrun for us_accidents_download to None, run_after=None
[2025-04-09T11:33:07.816+0000] {processor.py:179} INFO - Processing /opt/airflow/dags/us_accidents/download_kaggle_dataset.py took 0.072 seconds
